<?xml version="1.0" encoding="UTF-8"?>
<testng-results skipped="0" failed="1" ignored="0" total="3" passed="2">
  <reporter-output>
  </reporter-output>
  <suite name="Regression testing of Redmine Project" duration-ms="9859" started-at="2023-01-03T12:41:32 CST" finished-at="2023-01-03T12:41:42 CST">
    <groups>
    </groups>
    <test name="Registration Test Cases" duration-ms="9654" started-at="2023-01-03T12:41:32 CST" finished-at="2023-01-03T12:41:42 CST">
      <class name="testng.RegistrationTestScripts">
        <test-method status="PASS" signature="verifySuccessMessageOfRegistrationwithcorrectinput()[pri:0, instance:testng.RegistrationTestScripts@1efc20d]" name="verifySuccessMessageOfRegistrationwithcorrectinput" duration-ms="9576" started-at="2023-01-03T12:41:32 CST" finished-at="2023-01-03T12:41:42 CST">
          <reporter-output>
          </reporter-output>
        </test-method> <!-- verifySuccessMessageOfRegistrationwithcorrectinput -->
      </class> <!-- testng.RegistrationTestScripts -->
    </test> <!-- Registration Test Cases -->
    <test name="SignIn testcases" duration-ms="106" started-at="2023-01-03T12:41:42 CST" finished-at="2023-01-03T12:41:42 CST">
      <class name="testng.SigninTestScripts">
        <test-method status="PASS" signature="verifyCredentialswithcorrectCredentials()[pri:0, instance:testng.SigninTestScripts@8e6492]" name="verifyCredentialswithcorrectCredentials" duration-ms="50" started-at="2023-01-03T12:41:42 CST" finished-at="2023-01-03T12:41:42 CST">
          <reporter-output>
          </reporter-output>
        </test-method> <!-- verifyCredentialswithcorrectCredentials -->
      </class> <!-- testng.SigninTestScripts -->
      <class name="testing.design.IssueTestScripts">
        <test-method status="FAIL" signature="verifyIssueCreateWithCorrectInputs()[pri:0, instance:testing.design.IssueTestScripts@7fd41f]" name="verifyIssueCreateWithCorrectInputs" duration-ms="27" started-at="2023-01-03T12:41:42 CST" finished-at="2023-01-03T12:41:42 CST">
          <exception class="org.openqa.selenium.NoSuchElementException">
            <message>
              <![CDATA[no such element: Unable to locate element: {"method":"xpath","selector":"//a[text()='Sign in']"}
  (Session info: chrome=108.0.5359.125)
For documentation on this error, please visit: https://selenium.dev/exceptions/#no_such_element
Build info: version: '4.6.0', revision: '79f1c02ae20'
System info: os.name: 'Windows 10', os.arch: 'x86', os.version: '10.0', java.version: '1.8.0_351'
Driver info: org.openqa.selenium.chrome.ChromeDriver
Command: [84efdc51f7669bbe3a15db990a8132ce, findElement {using=xpath, value=//a[text()='Sign in']}]
Capabilities {acceptInsecureCerts: false, browserName: chrome, browserVersion: 108.0.5359.125, chrome: {chromedriverVersion: 108.0.5359.71 (1e0e3868ee06..., userDataDir: C:\Users\maswa\AppData\Loca...}, goog:chromeOptions: {debuggerAddress: localhost:54585}, networkConnectionEnabled: false, pageLoadStrategy: normal, platformName: WINDOWS, proxy: Proxy(), se:cdp: ws://localhost:54585/devtoo..., se:cdpVersion: 108.0.5359.125, setWindowRect: true, strictFileInteractability: false, timeouts: {implicit: 0, pageLoad: 300000, script: 30000}, unhandledPromptBehavior: dismiss and notify, webauthn:extension:credBlob: true, webauthn:extension:largeBlob: true, webauthn:virtualAuthenticators: true}
Session ID: 84efdc51f7669bbe3a15db990a8132ce]]>
            </message>
            <full-stacktrace>
              <![CDATA[org.openqa.selenium.NoSuchElementException: no such element: Unable to locate element: {"method":"xpath","selector":"//a[text()='Sign in']"}
  (Session info: chrome=108.0.5359.125)
For documentation on this error, please visit: https://selenium.dev/exceptions/#no_such_element
Build info: version: '4.6.0', revision: '79f1c02ae20'
System info: os.name: 'Windows 10', os.arch: 'x86', os.version: '10.0', java.version: '1.8.0_351'
Driver info: org.openqa.selenium.chrome.ChromeDriver
Command: [84efdc51f7669bbe3a15db990a8132ce, findElement {using=xpath, value=//a[text()='Sign in']}]
Capabilities {acceptInsecureCerts: false, browserName: chrome, browserVersion: 108.0.5359.125, chrome: {chromedriverVersion: 108.0.5359.71 (1e0e3868ee06..., userDataDir: C:\Users\maswa\AppData\Loca...}, goog:chromeOptions: {debuggerAddress: localhost:54585}, networkConnectionEnabled: false, pageLoadStrategy: normal, platformName: WINDOWS, proxy: Proxy(), se:cdp: ws://localhost:54585/devtoo..., se:cdpVersion: 108.0.5359.125, setWindowRect: true, strictFileInteractability: false, timeouts: {implicit: 0, pageLoad: 300000, script: 30000}, unhandledPromptBehavior: dismiss and notify, webauthn:extension:credBlob: true, webauthn:extension:largeBlob: true, webauthn:virtualAuthenticators: true}
Session ID: 84efdc51f7669bbe3a15db990a8132ce
at sun.reflect.NativeConstructorAccessorImpl.newInstance0(Native Method)
at sun.reflect.NativeConstructorAccessorImpl.newInstance(Unknown Source)
at sun.reflect.DelegatingConstructorAccessorImpl.newInstance(Unknown Source)
at java.lang.reflect.Constructor.newInstance(Unknown Source)
at org.openqa.selenium.remote.codec.w3c.W3CHttpResponseCodec.createException(W3CHttpResponseCodec.java:200)
at org.openqa.selenium.remote.codec.w3c.W3CHttpResponseCodec.decode(W3CHttpResponseCodec.java:133)
at org.openqa.selenium.remote.codec.w3c.W3CHttpResponseCodec.decode(W3CHttpResponseCodec.java:53)
at org.openqa.selenium.remote.HttpCommandExecutor.execute(HttpCommandExecutor.java:184)
at org.openqa.selenium.remote.service.DriverCommandExecutor.invokeExecute(DriverCommandExecutor.java:167)
at org.openqa.selenium.remote.service.DriverCommandExecutor.execute(DriverCommandExecutor.java:142)
at org.openqa.selenium.remote.RemoteWebDriver.execute(RemoteWebDriver.java:541)
at org.openqa.selenium.remote.ElementLocation$ElementFinder$2.findElement(ElementLocation.java:162)
at org.openqa.selenium.remote.ElementLocation.findElement(ElementLocation.java:60)
at org.openqa.selenium.remote.RemoteWebDriver.findElement(RemoteWebDriver.java:365)
at org.openqa.selenium.remote.RemoteWebDriver.findElement(RemoteWebDriver.java:357)
at testing.design.IssueTestScripts.verifyIssueCreateWithCorrectInputs(IssueTestScripts.java:21)
at sun.reflect.NativeMethodAccessorImpl.invoke0(Native Method)
at sun.reflect.NativeMethodAccessorImpl.invoke(Unknown Source)
at sun.reflect.DelegatingMethodAccessorImpl.invoke(Unknown Source)
at java.lang.reflect.Method.invoke(Unknown Source)
at org.testng.internal.MethodInvocationHelper.invokeMethod(MethodInvocationHelper.java:133)
at org.testng.internal.TestInvoker.invokeMethod(TestInvoker.java:598)
at org.testng.internal.TestInvoker.invokeTestMethod(TestInvoker.java:173)
at org.testng.internal.MethodRunner.runInSequence(MethodRunner.java:46)
at org.testng.internal.TestInvoker$MethodInvocationAgent.invoke(TestInvoker.java:824)
at org.testng.internal.TestInvoker.invokeTestMethods(TestInvoker.java:146)
at org.testng.internal.TestMethodWorker.invokeTestMethods(TestMethodWorker.java:146)
at org.testng.internal.TestMethodWorker.run(TestMethodWorker.java:128)
at java.util.ArrayList.forEach(Unknown Source)
at org.testng.TestRunner.privateRun(TestRunner.java:794)
at org.testng.TestRunner.run(TestRunner.java:596)
at org.testng.SuiteRunner.runTest(SuiteRunner.java:377)
at org.testng.SuiteRunner.runSequentially(SuiteRunner.java:371)
at org.testng.SuiteRunner.privateRun(SuiteRunner.java:332)
at org.testng.SuiteRunner.run(SuiteRunner.java:276)
at org.testng.SuiteRunnerWorker.runSuite(SuiteRunnerWorker.java:53)
at org.testng.SuiteRunnerWorker.run(SuiteRunnerWorker.java:96)
at org.testng.TestNG.runSuitesSequentially(TestNG.java:1212)
at org.testng.TestNG.runSuitesLocally(TestNG.java:1134)
at org.testng.TestNG.runSuites(TestNG.java:1063)
at org.testng.TestNG.run(TestNG.java:1031)
at org.testng.remote.AbstractRemoteTestNG.run(AbstractRemoteTestNG.java:115)
at org.testng.remote.RemoteTestNG.initAndRun(RemoteTestNG.java:251)
at org.testng.remote.RemoteTestNG.main(RemoteTestNG.java:77)
]]>
            </full-stacktrace>
          </exception> <!-- org.openqa.selenium.NoSuchElementException -->
          <reporter-output>
          </reporter-output>
        </test-method> <!-- verifyIssueCreateWithCorrectInputs -->
      </class> <!-- testing.design.IssueTestScripts -->
      <class name="testing.design.setupTest">
        <test-method status="PASS" signature="openApplication()[pri:0, instance:testing.design.setupTest@1ffff43]" name="openApplication" is-config="true" duration-ms="3857" started-at="2023-01-03T12:41:28 CST" finished-at="2023-01-03T12:41:32 CST">
          <reporter-output>
          </reporter-output>
        </test-method> <!-- openApplication -->
        <test-method status="PASS" signature="closeApplication()[pri:0, instance:testing.design.setupTest@1ffff43]" name="closeApplication" is-config="true" duration-ms="1385" started-at="2023-01-03T12:41:42 CST" finished-at="2023-01-03T12:41:43 CST">
          <reporter-output>
          </reporter-output>
        </test-method> <!-- closeApplication -->
      </class> <!-- testing.design.setupTest -->
    </test> <!-- SignIn testcases -->
  </suite> <!-- Regression testing of Redmine Project -->
</testng-results>
